[INFO] Scanning for projects...
[INFO] 
[INFO] ------------------< com.talenthub:talenthub-backend >-------------------
[INFO] Building  0.0.1-SNAPSHOT
[INFO]   from pom.xml
[INFO] --------------------------------[ jar ]---------------------------------
[INFO] 
[INFO] --- clean:3.5.0:clean (default-clean) @ talenthub-backend ---
[INFO] Deleting D:\Ashwini\Internship_WeIntern\TalentHub\TalentHub\backend\talenthub-backend\target
[INFO] 
[INFO] --- resources:3.3.1:resources (default-resources) @ talenthub-backend ---
[INFO] Copying 1 resource from src\main\resources to target\classes
[INFO] Copying 0 resource from src\main\resources to target\classes
[INFO] 
[INFO] --- compiler:3.14.1:compile (default-compile) @ talenthub-backend ---
[INFO] Recompiling the module because of changed source code.
[INFO] Compiling 51 source files with javac [debug parameters release 17] to target\classes
[INFO] ------------------------------------------------------------------------
[INFO] BUILD SUCCESS
[INFO] ------------------------------------------------------------------------
[INFO] Total time:  7.052 s
[INFO] Finished at: 2026-03-24T23:52:28+05:30
[INFO] ------------------------------------------------------------------------
