[INFO] Scanning for projects...
[INFO] 
[INFO] ------------------< com.talenthub:talenthub-backend >-------------------
[INFO] Building  0.0.1-SNAPSHOT
[INFO]   from pom.xml
[INFO] --------------------------------[ jar ]---------------------------------
[INFO] 
[INFO] --- resources:3.3.1:resources (default-resources) @ talenthub-backend ---
[INFO] Copying 1 resource from src\main\resources to target\classes
[INFO] Copying 0 resource from src\main\resources to target\classes
[INFO] 
[INFO] --- compiler:3.14.1:compile (default-compile) @ talenthub-backend ---
[INFO] Recompiling the module because of changed source code.
[INFO] Compiling 51 source files with javac [debug parameters release 17] to target\classes
[INFO] Some messages have been simplified; recompile with -Xdiags:verbose to get full output
[INFO] -------------------------------------------------------------
[ERROR] COMPILATION ERROR : 
[INFO] -------------------------------------------------------------
[ERROR] /D:/Ashwini/Internship_WeIntern/TalentHub/TalentHub/backend/talenthub-backend/src/main/java/com/talenthub/backend/controller/PayrollController.java:[78,39] incompatible types: java.lang.String cannot be converted to org.springframework.http.MediaType
[ERROR] /D:/Ashwini/Internship_WeIntern/TalentHub/TalentHub/backend/talenthub-backend/src/main/java/com/talenthub/backend/security/WebSecurityConfig.java:[41,50] constructor DaoAuthenticationProvider in class org.springframework.security.authentication.dao.DaoAuthenticationProvider cannot be applied to given types;
  required: org.springframework.security.core.userdetails.UserDetailsService
  found:    no arguments
  reason: actual and formal argument lists differ in length
[ERROR] /D:/Ashwini/Internship_WeIntern/TalentHub/TalentHub/backend/talenthub-backend/src/main/java/com/talenthub/backend/security/WebSecurityConfig.java:[42,21] cannot find symbol
  symbol:   method setUserDetailsService(com.talenthub.backend.security.services.UserDetailsServiceImpl)
  location: variable authProvider of type org.springframework.security.authentication.dao.DaoAuthenticationProvider
[INFO] 3 errors 
[INFO] -------------------------------------------------------------
[INFO] ------------------------------------------------------------------------
[INFO] BUILD FAILURE
[INFO] ------------------------------------------------------------------------
[INFO] Total time:  5.524 s
[INFO] Finished at: 2026-03-24T23:47:24+05:30
[INFO] ------------------------------------------------------------------------
[ERROR] Failed to execute goal org.apache.maven.plugins:maven-compiler-plugin:3.14.1:compile (default-compile) on project talenthub-backend: Compilation failure: Compilation failure: 
[ERROR] /D:/Ashwini/Internship_WeIntern/TalentHub/TalentHub/backend/talenthub-backend/src/main/java/com/talenthub/backend/controller/PayrollController.java:[78,39] incompatible types: java.lang.String cannot be converted to org.springframework.http.MediaType
[ERROR] /D:/Ashwini/Internship_WeIntern/TalentHub/TalentHub/backend/talenthub-backend/src/main/java/com/talenthub/backend/security/WebSecurityConfig.java:[41,50] constructor DaoAuthenticationProvider in class org.springframework.security.authentication.dao.DaoAuthenticationProvider cannot be applied to given types;
[ERROR]   required: org.springframework.security.core.userdetails.UserDetailsService
[ERROR]   found:    no arguments
[ERROR]   reason: actual and formal argument lists differ in length
[ERROR] /D:/Ashwini/Internship_WeIntern/TalentHub/TalentHub/backend/talenthub-backend/src/main/java/com/talenthub/backend/security/WebSecurityConfig.java:[42,21] cannot find symbol
[ERROR]   symbol:   method setUserDetailsService(com.talenthub.backend.security.services.UserDetailsServiceImpl)
[ERROR]   location: variable authProvider of type org.springframework.security.authentication.dao.DaoAuthenticationProvider
[ERROR] -> [Help 1]
[ERROR] 
[ERROR] To see the full stack trace of the errors, re-run Maven with the -e switch.
[ERROR] Re-run Maven using the -X switch to enable full debug logging.
[ERROR] 
[ERROR] For more information about the errors and possible solutions, please read the following articles:
[ERROR] [Help 1] http://cwiki.apache.org/confluence/display/MAVEN/MojoFailureException
